<?xml version="1.0" encoding="UTF-8"?>
<testng-results ignored="0" total="1" passed="1" failed="0" skipped="0">
  <reporter-output>
  </reporter-output>
  <suite started-at="2023-10-13T06:12:54 IST" name="Suite" finished-at="2023-10-13T06:13:06 IST" duration-ms="11507">
    <groups>
    </groups>
    <test started-at="2023-10-13T06:12:54 IST" name="Test" finished-at="2023-10-13T06:13:06 IST" duration-ms="11507">
      <class name="Com.Test.Test_1">
        <test-method is-config="true" signature="BS()[pri:0, instance:Com.Test.Test_1@7c711375]" started-at="2023-10-13T06:12:54 IST" name="BS" finished-at="2023-10-13T06:12:54 IST" duration-ms="682" status="PASS">
          <reporter-output>
          </reporter-output>
        </test-method> <!-- BS -->
        <test-method is-config="true" signature="BM(java.lang.String)[pri:0, instance:Com.Test.Test_1@7c711375]" started-at="2023-10-13T06:12:54 IST" name="BM" finished-at="2023-10-13T06:13:02 IST" duration-ms="7172" status="PASS">
          <params>
            <param index="0">
              <value>
                <![CDATA[Chrome]]>
              </value>
            </param>
          </params>
          <reporter-output>
          </reporter-output>
        </test-method> <!-- BM -->
        <test-method signature="test_1()[pri:0, instance:Com.Test.Test_1@7c711375]" started-at="2023-10-13T06:13:02 IST" name="test_1" finished-at="2023-10-13T06:13:05 IST" duration-ms="3935" status="PASS">
          <reporter-output>
          </reporter-output>
        </test-method> <!-- test_1 -->
        <test-method is-config="true" signature="TearDown()[pri:0, instance:Com.Test.Test_1@7c711375]" started-at="2023-10-13T06:13:05 IST" name="TearDown" finished-at="2023-10-13T06:13:06 IST" duration-ms="367" status="PASS">
          <reporter-output>
          </reporter-output>
        </test-method> <!-- TearDown -->
      </class> <!-- Com.Test.Test_1 -->
    </test> <!-- Test -->
  </suite> <!-- Suite -->
</testng-results>
